  Source.cpp
  VBO.cpp
  Generating Code...
  glad.c
glfw3.lib(input.obj) : warning LNK4099: PDB '' was not found with 'glfw3.lib(input.obj)' or at ''; linking object as if no debug info
glfw3.lib(init.obj) : warning LNK4099: PDB '' was not found with 'glfw3.lib(init.obj)' or at ''; linking object as if no debug info
glfw3.lib(window.obj) : warning LNK4099: PDB '' was not found with 'glfw3.lib(window.obj)' or at ''; linking object as if no debug info
glfw3.lib(context.obj) : warning LNK4099: PDB '' was not found with 'glfw3.lib(context.obj)' or at ''; linking object as if no debug info
glfw3.lib(win32_window.obj) : warning LNK4099: PDB '' was not found with 'glfw3.lib(win32_window.obj)' or at ''; linking object as if no debug info
glfw3.lib(win32_joystick.obj) : warning LNK4099: PDB '' was not found with 'glfw3.lib(win32_joystick.obj)' or at ''; linking object as if no debug info
glfw3.lib(win32_time.obj) : warning LNK4099: PDB '' was not found with 'glfw3.lib(win32_time.obj)' or at ''; linking object as if no debug info
glfw3.lib(win32_init.obj) : warning LNK4099: PDB '' was not found with 'glfw3.lib(win32_init.obj)' or at ''; linking object as if no debug info
glfw3.lib(win32_monitor.obj) : warning LNK4099: PDB '' was not found with 'glfw3.lib(win32_monitor.obj)' or at ''; linking object as if no debug info
glfw3.lib(win32_thread.obj) : warning LNK4099: PDB '' was not found with 'glfw3.lib(win32_thread.obj)' or at ''; linking object as if no debug info
glfw3.lib(monitor.obj) : warning LNK4099: PDB '' was not found with 'glfw3.lib(monitor.obj)' or at ''; linking object as if no debug info
glfw3.lib(vulkan.obj) : warning LNK4099: PDB '' was not found with 'glfw3.lib(vulkan.obj)' or at ''; linking object as if no debug info
glfw3.lib(wgl_context.obj) : warning LNK4099: PDB '' was not found with 'glfw3.lib(wgl_context.obj)' or at ''; linking object as if no debug info
glfw3.lib(egl_context.obj) : warning LNK4099: PDB '' was not found with 'glfw3.lib(egl_context.obj)' or at ''; linking object as if no debug info
glfw3.lib(osmesa_context.obj) : warning LNK4099: PDB '' was not found with 'glfw3.lib(osmesa_context.obj)' or at ''; linking object as if no debug info
Source.obj : error LNK2019: unresolved external symbol "public: __cdecl VAO::VAO(void)" (??0VAO@@QEAA@XZ) referenced in function main
Source.obj : error LNK2019: unresolved external symbol "public: void __cdecl VAO::LinkAttrib(class VBO &,unsigned int,unsigned int,unsigned int,__int64,void *)" (?LinkAttrib@VAO@@QEAAXAEAVVBO@@III_JPEAX@Z) referenced in function main
Source.obj : error LNK2019: unresolved external symbol "public: void __cdecl VAO::Bind(void)" (?Bind@VAO@@QEAAXXZ) referenced in function main
Source.obj : error LNK2019: unresolved external symbol "public: void __cdecl VAO::Unbind(void)" (?Unbind@VAO@@QEAAXXZ) referenced in function main
Source.obj : error LNK2019: unresolved external symbol "public: void __cdecl VAO::Delete(void)" (?Delete@VAO@@QEAAXXZ) referenced in function main
C:\Programming\Organizing\x64\Debug\Organizing.exe : fatal error LNK1120: 5 unresolved externals
